Strategy: DLS
 Max Depth: 6
 Depth Increment: 1
 Pruning: True
 ---SOLUTION---: 

 ID: 0
 Cost: 0
 Depth: 0
 Heuristic: 3.868528072345416
 F value: 0
 Node:2d933fbd33229a28f6133b83b1b35130

 ID: 3
 Action: b0
 Cost: 1
 Depth: 1
 Heuristic: 2.3211168434072493
 F value: -1
 Node:3738b536b078d9c8038988d9a8571973

 ID: 233969
 Action: D0
 Cost: 2
 Depth: 2
 Heuristic: 3.0948224578763326
 F value: -2
 Node:65ea20ab50a2eaef3db6ea85fb7e5a5a

 ID: 243452
 Action: d1
 Cost: 3
 Depth: 3
 Heuristic: 1.5474112289381663
 F value: -3
 Node:8bea69c555ff9ddd8f9dd3d7c7c90f0b

 ID: 250609
 Action: B0
 Cost: 4
 Depth: 4
 Heuristic: 1.5474112289381663
 F value: -4
 Node:f90464bdc55bd5e8111dc2b52eaea794

 ID: 250621
 Action: B0
 Cost: 5
 Depth: 5
 Heuristic: 0.0
 F value: -5
 Node:91b788d5565df3def0d775110527845c
 TOTAL COST: 5